Build started 8/17/2017 4:46:46 PM.
     1>Project "C:\Users\experimenter\Desktop\computational_modelling_DB\Phantom_Snooker\Phantom_Snooker.vcxproj" on node 2 (build target(s)).
     1>InitializeBuildStatus:
         Creating "Debug\Phantom_Snooker.unsuccessfulbuild" because "AlwaysCreate" was specified.
       ClCompile:
         C:\Program Files (x86)\Microsoft Visual Studio 10.0\VC\bin\CL.exe /c /I"C:\Users\experimenter\Desktop\Simple OpenGL Image Library\src" /ID:\vBot\Shared\include /IC:\OpenHaptics\Academic\3.1\include /IC:\OpenHaptics\Academic\3.1\utilities\include /ZI /nologo /W3 /WX- /Od /Oy- /D WIN32 /D _DEBUG /D _CONSOLE /D _UNICODE /D UNICODE /Gm /EHsc /RTC1 /MT /GS /fp:precise /Zc:wchar_t /Zc:forScope /Fo"Debug\\" /Fd"Debug\vc100.pdb" /Gd /TP /analyze- /errorReport:prompt ROBOT_Snooker.cpp
     1>cl : Command line warning D9028: minimal rebuild failure, reverting to normal build
         ROBOT_Snooker.cpp
     1>c:\users\experimenter\desktop\computational_modelling_db\phantom_snooker\robot_snooker.cpp(54): warning C4305: 'initializing' : truncation from 'double' to 'float'
     1>c:\users\experimenter\desktop\computational_modelling_db\phantom_snooker\robot_snooker.cpp(65): warning C4305: 'initializing' : truncation from 'double' to 'float'
     1>c:\users\experimenter\desktop\computational_modelling_db\phantom_snooker\robot_snooker.cpp(678): warning C4305: 'initializing' : truncation from 'double' to 'GLfloat'
     1>c:\users\experimenter\desktop\computational_modelling_db\phantom_snooker\robot_snooker.cpp(680): warning C4305: 'initializing' : truncation from 'double' to 'GLfloat'
     1>c:\users\experimenter\desktop\computational_modelling_db\phantom_snooker\robot_snooker.cpp(680): warning C4305: 'initializing' : truncation from 'double' to 'GLfloat'
     1>c:\users\experimenter\desktop\computational_modelling_db\phantom_snooker\robot_snooker.cpp(680): warning C4305: 'initializing' : truncation from 'double' to 'GLfloat'
     1>c:\users\experimenter\desktop\computational_modelling_db\phantom_snooker\robot_snooker.cpp(680): warning C4305: 'initializing' : truncation from 'double' to 'GLfloat'
     1>c:\users\experimenter\desktop\computational_modelling_db\phantom_snooker\robot_snooker.cpp(775): warning C4800: 'int' : forcing value to bool 'true' or 'false' (performance warning)
     1>c:\users\experimenter\desktop\computational_modelling_db\phantom_snooker\robot_snooker.cpp(653): warning C4101: 'Exit' : unreferenced local variable
       Link:
         C:\Program Files (x86)\Microsoft Visual Studio 10.0\VC\bin\link.exe /ERRORREPORT:PROMPT /OUT:"C:\Users\experimenter\Desktop\computational_modelling_DB\Phantom_Snooker\Debug\Phantom_Snooker.exe" /INCREMENTAL:NO /NOLOGO /LIBPATH:"C:\Users\experimenter\Desktop\Simple OpenGL Image Library\projects\VC9\Debug" /LIBPATH:D:\vBot\Shared\lib /LIBPATH:C:\OpenHaptics\Academic\3.1\lib\Win32\DebugAcademicEdition /LIBPATH:C:\OpenHaptics\Academic\3.1\utilities\lib\Win32\DebugAcademicEdition motor.lib nr.lib win626.obj winmm.lib oapi.lib opengl32.lib glu32.lib user32.lib gdi32.lib kernel32.lib glut32.lib glm.obj hd.lib hdu.lib pdi.lib SOIL.lib /NODEFAULTLIB:libc.lib /NODEFAULTLIB:MSVCRTD.lib /MANIFEST /ManifestFile:"Debug\Phantom_Snooker.exe.intermediate.manifest" /MANIFESTUAC:"level='asInvoker' uiAccess='false'" /DEBUG /PDB:"C:\Users\experimenter\Desktop\computational_modelling_DB\Phantom_Snooker\Debug\Phantom_Snooker.pdb" /SUBSYSTEM:CONSOLE /TLBID:1 /DYNAMICBASE /NXCOMPAT /IMPLIB:"C:\Users\experimenter\Desktop\computational_modelling_DB\Phantom_Snooker\Debug\Phantom_Snooker.lib" /MACHINE:X86 Debug\ROBOT_Snooker.obj
     1>ROBOT_Snooker.obj : warning LNK4075: ignoring '/EDITANDCONTINUE' due to '/INCREMENTAL:NO' specification
     1>hdu.lib(hduError.obj) : warning LNK4217: locally defined symbol _fprintf imported in function _hduPrintError
     1>hdu.lib(hduError.obj) : warning LNK4204: 'C:\Users\experimenter\Desktop\computational_modelling_DB\Phantom_Snooker\Debug\vc100.pdb' is missing debugging information for referencing module; linking object as if no debug info
         Phantom_Snooker.vcxproj -> C:\Users\experimenter\Desktop\computational_modelling_DB\Phantom_Snooker\Debug\Phantom_Snooker.exe
       Manifest:
         C:\Program Files (x86)\Microsoft SDKs\Windows\v7.0A\bin\mt.exe /nologo /verbose /outputresource:"C:\Users\experimenter\Desktop\computational_modelling_DB\Phantom_Snooker\Debug\Phantom_Snooker.exe;#1" /manifest Debug\Phantom_Snooker.exe.intermediate.manifest
       FinalizeBuildStatus:
         Deleting file "Debug\Phantom_Snooker.unsuccessfulbuild".
         Touching "Debug\Phantom_Snooker.lastbuildstate".
     1>Done Building Project "C:\Users\experimenter\Desktop\computational_modelling_DB\Phantom_Snooker\Phantom_Snooker.vcxproj" (build target(s)).

Build succeeded.

Time Elapsed 00:00:01.18
